<?xml version="1.0" encoding="UTF-8"?>
<testng-results skipped="1" failed="0" ignored="0" total="5" passed="4">
  <reporter-output>
  </reporter-output>
  <suite name="DataDrivenBasics" duration-ms="37164" started-at="2020-06-23T14:21:18Z" finished-at="2020-06-23T14:21:55Z">
    <groups>
    </groups>
    <test name="Bank Manager LoginTest" duration-ms="16868" started-at="2020-06-23T14:21:18Z" finished-at="2020-06-23T14:21:35Z">
      <class name="com.w2a.testcases.BankManagerLoginTest">
        <test-method status="PASS" signature="bankManagerLoginTest()[pri:0, instance:com.w2a.testcases.BankManagerLoginTest@7bf3a5d8]" name="bankManagerLoginTest" duration-ms="15886" started-at="2020-06-23T19:51:18Z" finished-at="2020-06-23T19:51:34Z">
          <reporter-output>
          </reporter-output>
        </test-method> <!-- bankManagerLoginTest -->
      </class> <!-- com.w2a.testcases.BankManagerLoginTest -->
    </test> <!-- Bank Manager LoginTest -->
    <test name="Add Customer Test" duration-ms="12544" started-at="2020-06-23T14:21:35Z" finished-at="2020-06-23T14:21:48Z">
      <class name="com.w2a.testcases.AddCustomerTest">
        <test-method status="PASS" signature="addCustomerTest(java.util.Hashtable)[pri:0, instance:com.w2a.testcases.AddCustomerTest@3224a577]" name="addCustomerTest" duration-ms="7590" started-at="2020-06-23T19:51:35Z" data-provider="dp" finished-at="2020-06-23T19:51:43Z">
          <params>
            <param index="0">
              <value>
                <![CDATA[{FirstName=Rohit, Postcode=500081.0, LastName=Gupta, runmode=Y, alertText=Customer added successfully}]]>
              </value>
            </param>
          </params>
          <reporter-output>
          </reporter-output>
        </test-method> <!-- addCustomerTest -->
        <test-method status="PASS" signature="addCustomerTest(java.util.Hashtable)[pri:0, instance:com.w2a.testcases.AddCustomerTest@3224a577]" name="addCustomerTest" duration-ms="4589" started-at="2020-06-23T19:51:43Z" data-provider="dp" finished-at="2020-06-23T19:51:47Z">
          <params>
            <param index="0">
              <value>
                <![CDATA[{FirstName=Sahil, Postcode=500082.0, LastName=Thakur, runmode=Y, alertText=Customer added successfully}]]>
              </value>
            </param>
          </params>
          <reporter-output>
          </reporter-output>
        </test-method> <!-- addCustomerTest -->
        <test-method status="SKIP" signature="addCustomerTest(java.util.Hashtable)[pri:0, instance:com.w2a.testcases.AddCustomerTest@3224a577]" name="addCustomerTest" duration-ms="1" started-at="2020-06-23T19:51:47Z" data-provider="dp" finished-at="2020-06-23T19:51:47Z">
          <params>
            <param index="0">
              <value>
                <![CDATA[{FirstName=Arvind, Postcode=500083.0, LastName=Singh, runmode=N, alertText=Customer added successfully}]]>
              </value>
            </param>
          </params>
          <exception class="org.testng.SkipException">
            <message>
              <![CDATA[Skipping the test case since run mode is No]]>
            </message>
            <full-stacktrace>
              <![CDATA[org.testng.SkipException: Skipping the test case since run mode is No
	at com.w2a.testcases.AddCustomerTest.addCustomerTest(AddCustomerTest.java:23)
	at sun.reflect.NativeMethodAccessorImpl.invoke0(Native Method)
	at sun.reflect.NativeMethodAccessorImpl.invoke(NativeMethodAccessorImpl.java:62)
	at sun.reflect.DelegatingMethodAccessorImpl.invoke(DelegatingMethodAccessorImpl.java:43)
	at java.lang.reflect.Method.invoke(Method.java:498)
	at org.testng.internal.MethodInvocationHelper.invokeMethod(MethodInvocationHelper.java:108)
	at org.testng.internal.Invoker.invokeMethod(Invoker.java:661)
	at org.testng.internal.Invoker.invokeTestMethod(Invoker.java:869)
	at org.testng.internal.Invoker.invokeTestMethods(Invoker.java:1193)
	at org.testng.internal.TestMethodWorker.invokeTestMethods(TestMethodWorker.java:126)
	at org.testng.internal.TestMethodWorker.run(TestMethodWorker.java:109)
	at org.testng.TestRunner.privateRun(TestRunner.java:744)
	at org.testng.TestRunner.run(TestRunner.java:602)
	at org.testng.SuiteRunner.runTest(SuiteRunner.java:380)
	at org.testng.SuiteRunner.runSequentially(SuiteRunner.java:375)
	at org.testng.SuiteRunner.privateRun(SuiteRunner.java:340)
	at org.testng.SuiteRunner.run(SuiteRunner.java:289)
	at org.testng.SuiteRunnerWorker.runSuite(SuiteRunnerWorker.java:52)
	at org.testng.SuiteRunnerWorker.run(SuiteRunnerWorker.java:86)
	at org.testng.TestNG.runSuitesSequentially(TestNG.java:1301)
	at org.testng.TestNG.runSuitesLocally(TestNG.java:1226)
	at org.testng.TestNG.runSuites(TestNG.java:1144)
	at org.testng.TestNG.run(TestNG.java:1115)
	at org.apache.maven.surefire.testng.TestNGExecutor.run(TestNGExecutor.java:295)
	at org.apache.maven.surefire.testng.TestNGXmlTestSuite.execute(TestNGXmlTestSuite.java:84)
	at org.apache.maven.surefire.testng.TestNGProvider.invoke(TestNGProvider.java:90)
	at org.apache.maven.surefire.booter.ForkedBooter.invokeProviderInSameClassLoader(ForkedBooter.java:203)
	at org.apache.maven.surefire.booter.ForkedBooter.runSuitesInProcess(ForkedBooter.java:155)
	at org.apache.maven.surefire.booter.ForkedBooter.main(ForkedBooter.java:103)
]]>
            </full-stacktrace>
          </exception> <!-- org.testng.SkipException -->
          <reporter-output>
          </reporter-output>
        </test-method> <!-- addCustomerTest -->
      </class> <!-- com.w2a.testcases.AddCustomerTest -->
    </test> <!-- Add Customer Test -->
    <test name="Open Account Test" duration-ms="4006" started-at="2020-06-23T14:21:51Z" finished-at="2020-06-23T14:21:55Z">
      <class name="com.w2a.testcases.OpenAccountTest">
        <test-method status="PASS" signature="setUp()[pri:0, instance:com.w2a.testcases.OpenAccountTest@463fd068]" name="setUp" is-config="true" duration-ms="63406" started-at="2020-06-23T19:50:15Z" finished-at="2020-06-23T19:51:18Z">
          <reporter-output>
          </reporter-output>
        </test-method> <!-- setUp -->
        <test-method status="PASS" signature="openAccountTest(java.util.Hashtable)[pri:0, instance:com.w2a.testcases.OpenAccountTest@463fd068]" name="openAccountTest" duration-ms="3930" started-at="2020-06-23T19:51:51Z" data-provider="dp" finished-at="2020-06-23T19:51:55Z">
          <params>
            <param index="0">
              <value>
                <![CDATA[{currency=Rupee, customer=Rohit Gupta}]]>
              </value>
            </param>
          </params>
          <reporter-output>
          </reporter-output>
        </test-method> <!-- openAccountTest -->
        <test-method status="PASS" signature="tearDown()[pri:0, instance:com.w2a.testcases.OpenAccountTest@463fd068]" name="tearDown" is-config="true" duration-ms="4566" started-at="2020-06-23T19:51:55Z" finished-at="2020-06-23T19:52:00Z">
          <reporter-output>
          </reporter-output>
        </test-method> <!-- tearDown -->
      </class> <!-- com.w2a.testcases.OpenAccountTest -->
    </test> <!-- Open Account Test -->
  </suite> <!-- DataDrivenBasics -->
</testng-results>
