<?xml version="1.0" encoding="UTF-8"?>
<!-- Generated by org.testng.reporters.JUnitXMLReporter -->
<testsuite hostname="Rohit-PC" ignored="0" name="Bank Manager LoginTest" tests="1" failures="1" timestamp="22 Jun 2020 10:52:35 GMT" time="3.235" errors="0">
  <testcase name="loginAsBankManager" time="3.208" classname="com.w2a.testcases.BankManagerLoginTest">
    <failure type="java.lang.AssertionError" message="Login not successfull">
      <![CDATA[java.lang.AssertionError: Login not successfull
	at com.w2a.testcases.BankManagerLoginTest.loginAsBankManager(BankManagerLoginTest.java:22)
... Removed 26 stack frames]]>
    </failure>
  </testcase> <!-- loginAsBankManager -->
</testsuite> <!-- Bank Manager LoginTest -->
